<?xml version="1.0" encoding="UTF-8"?>
<!-- Generated by org.testng.reporters.JUnitXMLReporter -->
<testsuite ignored="0" hostname="LAPTOP-DOM19MQO" failures="1" tests="3" name="Car Loan" time="0.015" errors="0" timestamp="2024-05-02T15:25:54 IST">
  <testcase classname="Day3" name="LoginAPIHomeLoan" time="0.003"/>
  <testcase classname="Day3" name="MobileLoginHomeLoan" time="0.001"/>
  <testcase classname="Day3" name="WebLoginHomeLoan" time="0.0">
    <failure type="org.testng.TestNGException" message="
Parameter &amp;apos;Url&amp;apos; is required by @Test on method WebLoginHomeLoan but has not been marked @Optional or defined
in C:\Users\saisa\eclipse-workspace\TestNGTutorial\testng.xml">
      <![CDATA[org.testng.TestNGException: 
Parameter 'Url' is required by @Test on method WebLoginHomeLoan but has not been marked @Optional or defined
in C:\Users\saisa\eclipse-workspace\TestNGTutorial\testng.xml
at java.base/java.util.ArrayList.forEach(ArrayList.java:1596)
... Removed 26 stack frames]]>
    </failure>
  </testcase> <!-- WebLoginHomeLoan -->
</testsuite> <!-- Car Loan -->
